<?xml version="1.0" encoding="UTF-8"?>
<!-- Generated by org.testng.reporters.JUnitXMLReporter -->
<testsuite ignored="0" hostname="DESKTOP-TROT5AG" failures="0" tests="22" name="Array" time="205.306" errors="0" timestamp="08 Nov 2021 23:21:49 GMT">
  <testcase classname="com.numpy_ninja.dsalgo.arrays.test.navigate_to_arrrays_page" name="dsintropage_navigation" time="13.556"/>
  <testcase classname="com.numpy_ninja.dsalgo.arrays.test.applications_of_array_tryeditor_test" name="dsintropage_navigation" time="12.446"/>
  <testcase classname="com.numpy_ninja.dsalgo.arrays.test.arrays_in_python_tryeditor_test" name="dsintropage_navigation" time="7.812"/>
  <testcase classname="com.numpy_ninja.dsalgo.arrays.test.arrays_using_list_tryeditor_test" name="dsintropage_navigation" time="7.706"/>
  <testcase classname="com.numpy_ninja.dsalgo.arrays.test.basic_operationis_list_tryeditor_test" name="dsintropage_navigation" time="13.704"/>
  <testcase classname="com.numpy_ninja.dsalgo.arrays.test.links_validation_at_Array_page" name="dsintropage_navigation" time="10.345"/>
  <testcase classname="com.numpy_ninja.dsalgo.arrays.test.applications_of_array_tryeditor_test" name="array_links_validation" time="2.443"/>
  <testcase classname="com.numpy_ninja.dsalgo.arrays.test.arrays_in_python_tryeditor_test" name="array_links_validation" time="2.484"/>
  <testcase classname="com.numpy_ninja.dsalgo.arrays.test.arrays_using_list_tryeditor_test" name="array_links_validation" time="1.942"/>
  <testcase classname="com.numpy_ninja.dsalgo.arrays.test.basic_operationis_list_tryeditor_test" name="array_links_validation" time="5.279"/>
  <testcase classname="com.numpy_ninja.dsalgo.arrays.test.links_validation_at_Array_page" name="array_links_validation" time="15.448"/>
  <testcase classname="com.numpy_ninja.dsalgo.arrays.test.applications_of_array_tryeditor_test" name="validCode_validation" time="4.952"/>
  <testcase classname="com.numpy_ninja.dsalgo.arrays.test.arrays_in_python_tryeditor_test" name="test_run_button" time="2.21"/>
  <testcase classname="com.numpy_ninja.dsalgo.arrays.test.arrays_using_list_tryeditor_test" name="validCode_validation" time="4.892"/>
  <testcase classname="com.numpy_ninja.dsalgo.arrays.test.basic_operationis_list_tryeditor_test" name="validCode_validation" time="4.83"/>
  <testcase classname="com.numpy_ninja.dsalgo.arrays.test.applications_of_array_tryeditor_test" name="invalidecode_validation" time="4.708"/>
  <testcase classname="com.numpy_ninja.dsalgo.arrays.test.arrays_in_python_tryeditor_test" name="validCode_validation" time="4.904"/>
  <testcase classname="com.numpy_ninja.dsalgo.arrays.test.arrays_using_list_tryeditor_test" name="invalidfile_validation" time="4.741"/>
  <testcase classname="com.numpy_ninja.dsalgo.arrays.test.basic_operationis_list_tryeditor_test" name="invalidecode_validation" time="4.698"/>
  <testcase classname="com.numpy_ninja.dsalgo.arrays.test.applications_of_array_tryeditor_test" name="invalidfile_validation" time="5.01"/>
  <testcase classname="com.numpy_ninja.dsalgo.arrays.test.arrays_in_python_tryeditor_test" name="invalidecode_validation" time="4.831"/>
  <testcase classname="com.numpy_ninja.dsalgo.arrays.test.arrays_in_python_tryeditor_test" name="invalidfile_validation" time="4.562"/>
</testsuite> <!-- Array -->
