<?xml version="1.0" encoding="UTF-8"?>
<!-- Generated by org.testng.reporters.JUnitXMLReporter -->
<testsuite ignored="0" hostname="DESKTOP-TROT5AG" failures="0" tests="19" name="Arrays_practiceQuestions" time="196.13" errors="0" timestamp="08 Nov 2021 23:21:40 GMT">
  <testcase classname="com.numpy_ninja.dsalgo.arrays.practicques.find_numbers_even_digits" name="dsintropage_navigation" time="13.692"/>
  <testcase classname="com.numpy_ninja.dsalgo.arrays.practicques.max_consecutive_ones_Page" name="dsintropage_navigation" time="11.238"/>
  <testcase classname="com.numpy_ninja.dsalgo.arrays.practicques.practicequestions_Page" name="dsintropage_navigation" time="22.535"/>
  <testcase classname="com.numpy_ninja.dsalgo.arrays.practicques.search_the_array" name="dsintropage_navigation" time="14.101"/>
  <testcase classname="com.numpy_ninja.dsalgo.arrays.practicques.squares_sorted_array_Page" name="dsintropage_navigation" time="21.978"/>
  <testcase classname="com.numpy_ninja.dsalgo.arrays.practicques.find_numbers_even_digits" name="navigate_to_practicequestions" time="3.911"/>
  <testcase classname="com.numpy_ninja.dsalgo.arrays.practicques.max_consecutive_ones_Page" name="navigate_to_practicequestions" time="3.699"/>
  <testcase classname="com.numpy_ninja.dsalgo.arrays.practicques.practicequestions_Page" name="navigate_to_practicequestions" time="1.551"/>
  <testcase classname="com.numpy_ninja.dsalgo.arrays.practicques.search_the_array" name="navigate_to_practicequestions" time="2.842"/>
  <testcase classname="com.numpy_ninja.dsalgo.arrays.practicques.squares_sorted_array_Page" name="navigate_to_practicequestions" time="10.972"/>
  <testcase classname="com.numpy_ninja.dsalgo.arrays.practicques.find_numbers_even_digits" name="validCode_validation" time="4.936"/>
  <testcase classname="com.numpy_ninja.dsalgo.arrays.practicques.max_consecutive_ones_Page" name="validCode_validation" time="4.755"/>
  <testcase classname="com.numpy_ninja.dsalgo.arrays.practicques.search_the_array" name="validcode_validation" time="4.936"/>
  <testcase classname="com.numpy_ninja.dsalgo.arrays.practicques.squares_sorted_array_Page" name="validCode_validation" time="5.405"/>
  <testcase classname="com.numpy_ninja.dsalgo.arrays.practicques.find_numbers_even_digits" name="invalidfile_validation" time="4.867"/>
  <testcase classname="com.numpy_ninja.dsalgo.arrays.practicques.max_consecutive_ones_Page" name="invalidfile_validation" time="4.802"/>
  <testcase classname="com.numpy_ninja.dsalgo.arrays.practicques.search_the_array" name="invalidecode_validation" time="4.811"/>
  <testcase classname="com.numpy_ninja.dsalgo.arrays.practicques.search_the_array" name="submit_functionality" time="0.184"/>
  <testcase classname="com.numpy_ninja.dsalgo.arrays.practicques.squares_sorted_array_Page" name="invalidfile_validation" time="4.836"/>
</testsuite> <!-- Arrays_practiceQuestions -->
