<?xml version="1.0" encoding="UTF-8"?>
<testng-results ignored="0" total="1" passed="1" failed="0" skipped="0">
  <reporter-output>
    <line>
      <![CDATA[User successfully logged out]]>
    </line>
    <line>
      <![CDATA[Validate if the user is able to login with the Valid username and the password]]>
    </line>
    <line>
      <![CDATA[User navigated to the Home page]]>
    </line>
    <line>
      <![CDATA[User navigated to the Signin page]]>
    </line>
    <line>
      <![CDATA[Username value is entered]]>
    </line>
    <line>
      <![CDATA[Password value is entered]]>
    </line>
    <line>
      <![CDATA[Submit button is entered]]>
    </line>
    <line>
      <![CDATA[User is at the Data Structures Introduction page]]>
    </line>
    <line>
      <![CDATA[Taken the Screenshot successsfully]]>
    </line>
  </reporter-output>
  <suite started-at="2021-11-24T04:17:03Z" name="Default suite" finished-at="2021-11-24T04:17:13Z" duration-ms="9533">
    <groups>
    </groups>
    <test started-at="2021-11-24T04:17:03Z" name="Default test" finished-at="2021-11-24T04:17:13Z" duration-ms="9533">
      <class name="com.numpy_ninja.dsalgo.dsintro.test.dsIntroPage_Test">
        <test-method is-config="true" signature="beforeTest()[pri:0, instance:com.numpy_ninja.dsalgo.dsintro.test.dsIntroPage_Test@485e36bc]" started-at="2021-11-24T04:17:03Z" name="beforeTest" finished-at="2021-11-24T04:17:07Z" duration-ms="3325" status="PASS">
          <reporter-output>
            <line>
              <![CDATA[User successfully logged out]]>
            </line>
          </reporter-output>
        </test-method> <!-- beforeTest -->
        <test-method signature="dsintropage_navigation()[pri:0, instance:com.numpy_ninja.dsalgo.dsintro.test.dsIntroPage_Test@485e36bc]" started-at="2021-11-24T04:17:07Z" name="dsintropage_navigation" finished-at="2021-11-24T04:17:13Z" duration-ms="5897" status="PASS">
          <reporter-output>
            <line>
              <![CDATA[Validate if the user is able to login with the Valid username and the password]]>
            </line>
            <line>
              <![CDATA[User navigated to the Home page]]>
            </line>
            <line>
              <![CDATA[User navigated to the Signin page]]>
            </line>
            <line>
              <![CDATA[Username value is entered]]>
            </line>
            <line>
              <![CDATA[Password value is entered]]>
            </line>
            <line>
              <![CDATA[Submit button is entered]]>
            </line>
            <line>
              <![CDATA[User is at the Data Structures Introduction page]]>
            </line>
          </reporter-output>
        </test-method> <!-- dsintropage_navigation -->
        <test-method is-config="true" signature="captureScreenshot()[pri:0, instance:com.numpy_ninja.dsalgo.dsintro.test.dsIntroPage_Test@485e36bc]" started-at="2021-11-24T04:17:13Z" name="captureScreenshot" finished-at="2021-11-24T04:17:13Z" duration-ms="174" status="PASS">
          <reporter-output>
            <line>
              <![CDATA[Taken the Screenshot successsfully]]>
            </line>
          </reporter-output>
        </test-method> <!-- captureScreenshot -->
      </class> <!-- com.numpy_ninja.dsalgo.dsintro.test.dsIntroPage_Test -->
    </test> <!-- Default test -->
  </suite> <!-- Default suite -->
</testng-results>
